{"D:\\spark-livy\\src\\controller\\auth\\auth.controller.ts": {"path":"D:\\spark-livy\\src\\controller\\auth\\auth.controller.ts","statementMap":{"0":{"start":{"line":2,"column":0},"end":{"line":2,"column":62}},"1":{"start":{"line":3,"column":0},"end":{"line":3,"column":66}},"2":{"start":{"line":20,"column":4},"end":{"line":30,"column":5}},"3":{"start":{"line":21,"column":37},"end":{"line":21,"column":49}},"4":{"start":{"line":22,"column":30},"end":{"line":22,"column":68}},"5":{"start":{"line":23,"column":6},"end":{"line":27,"column":9}},"6":{"start":{"line":29,"column":6},"end":{"line":29,"column":77}},"7":{"start":{"line":37,"column":4},"end":{"line":43,"column":5}},"8":{"start":{"line":38,"column":37},"end":{"line":38,"column":49}},"9":{"start":{"line":39,"column":30},"end":{"line":39,"column":65}},"10":{"start":{"line":40,"column":6},"end":{"line":40,"column":75}},"11":{"start":{"line":42,"column":6},"end":{"line":42,"column":61}},"12":{"start":{"line":47,"column":20},"end":{"line":47,"column":42}},"13":{"start":{"line":48,"column":4},"end":{"line":48,"column":68}},"14":{"start":{"line":15,"column":0},"end":{"line":15,"column":13}}},"fnMap":{"0":{"name":"(anonymous_7)","decl":{"start":{"line":16,"column":8},"end":{"line":16,"column":16}},"loc":{"start":{"line":18,"column":23},"end":{"line":31,"column":null}}},"1":{"name":"(anonymous_9)","decl":{"start":{"line":33,"column":8},"end":{"line":33,"column":13}},"loc":{"start":{"line":35,"column":23},"end":{"line":44,"column":null}}},"2":{"name":"(anonymous_11)","decl":{"start":{"line":46,"column":8},"end":{"line":46,"column":18}},"loc":{"start":{"line":46,"column":63},"end":{"line":49,"column":null}}}},"branchMap":{},"s":{"0":1,"1":1,"2":2,"3":2,"4":2,"5":1,"6":1,"7":2,"8":2,"9":2,"10":1,"11":1,"12":1,"13":1,"14":1},"f":{"0":2,"1":2,"2":1},"b":{}}
,"D:\\spark-livy\\src\\controller\\livy\\job.controller.ts": {"path":"D:\\spark-livy\\src\\controller\\livy\\job.controller.ts","statementMap":{"0":{"start":{"line":2,"column":0},"end":{"line":2,"column":null}},"1":{"start":{"line":15,"column":22},"end":{"line":15,"column":46}},"2":{"start":{"line":17,"column":2},"end":{"line":26,"column":4}},"3":{"start":{"line":28,"column":2},"end":{"line":37,"column":4}},"4":{"start":{"line":39,"column":2},"end":{"line":48,"column":4}},"5":{"start":{"line":50,"column":2},"end":{"line":77,"column":4}},"6":{"start":{"line":53,"column":6},"end":{"line":77,"column":4}},"7":{"start":{"line":54,"column":23},"end":{"line":54,"column":35}},"8":{"start":{"line":56,"column":4},"end":{"line":59,"column":5}},"9":{"start":{"line":57,"column":6},"end":{"line":57,"column":62}},"10":{"start":{"line":58,"column":6},"end":{"line":58,"column":13}},"11":{"start":{"line":61,"column":4},"end":{"line":76,"column":5}},"12":{"start":{"line":62,"column":23},"end":{"line":62,"column":67}},"13":{"start":{"line":64,"column":6},"end":{"line":64,"column":28}},"14":{"start":{"line":65,"column":6},"end":{"line":65,"column":46}},"15":{"start":{"line":67,"column":6},"end":{"line":67,"column":66}},"16":{"start":{"line":68,"column":6},"end":{"line":72,"column":7}},"17":{"start":{"line":69,"column":8},"end":{"line":71,"column":10}},"18":{"start":{"line":73,"column":6},"end":{"line":75,"column":73}},"19":{"start":{"line":79,"column":2},"end":{"line":99,"column":4}},"20":{"start":{"line":82,"column":6},"end":{"line":99,"column":4}},"21":{"start":{"line":83,"column":25},"end":{"line":83,"column":39}},"22":{"start":{"line":85,"column":4},"end":{"line":98,"column":5}},"23":{"start":{"line":86,"column":23},"end":{"line":86,"column":68}},"24":{"start":{"line":87,"column":6},"end":{"line":89,"column":7}},"25":{"start":{"line":88,"column":8},"end":{"line":88,"column":60}},"26":{"start":{"line":90,"column":6},"end":{"line":90,"column":39}},"27":{"start":{"line":92,"column":6},"end":{"line":94,"column":8}},"28":{"start":{"line":95,"column":6},"end":{"line":97,"column":77}},"29":{"start":{"line":101,"column":2},"end":{"line":121,"column":4}},"30":{"start":{"line":104,"column":6},"end":{"line":121,"column":4}},"31":{"start":{"line":105,"column":25},"end":{"line":105,"column":39}},"32":{"start":{"line":107,"column":4},"end":{"line":120,"column":5}},"33":{"start":{"line":108,"column":23},"end":{"line":108,"column":68}},"34":{"start":{"line":109,"column":6},"end":{"line":111,"column":7}},"35":{"start":{"line":110,"column":8},"end":{"line":110,"column":60}},"36":{"start":{"line":112,"column":6},"end":{"line":112,"column":39}},"37":{"start":{"line":114,"column":6},"end":{"line":116,"column":8}},"38":{"start":{"line":117,"column":6},"end":{"line":119,"column":77}},"39":{"start":{"line":14,"column":0},"end":{"line":14,"column":13}}},"fnMap":{"0":{"name":"(anonymous_7)","decl":{"start":{"line":15,"column":2},"end":{"line":15,"column":22}},"loc":{"start":{"line":15,"column":46},"end":{"line":15,"column":50}}},"1":{"name":"(anonymous_8)","decl":{"start":{"line":50,"column":14},"end":{"line":50,"column":null}},"loc":{"start":{"line":53,"column":6},"end":{"line":77,"column":4}}},"2":{"name":"(anonymous_9)","decl":{"start":{"line":53,"column":6},"end":{"line":53,"column":null}},"loc":{"start":{"line":53,"column":6},"end":{"line":77,"column":3}}},"3":{"name":"(anonymous_10)","decl":{"start":{"line":79,"column":17},"end":{"line":79,"column":null}},"loc":{"start":{"line":82,"column":6},"end":{"line":99,"column":4}}},"4":{"name":"(anonymous_11)","decl":{"start":{"line":82,"column":6},"end":{"line":82,"column":null}},"loc":{"start":{"line":82,"column":6},"end":{"line":99,"column":3}}},"5":{"name":"(anonymous_12)","decl":{"start":{"line":101,"column":17},"end":{"line":101,"column":null}},"loc":{"start":{"line":104,"column":6},"end":{"line":121,"column":4}}},"6":{"name":"(anonymous_13)","decl":{"start":{"line":104,"column":6},"end":{"line":104,"column":null}},"loc":{"start":{"line":104,"column":6},"end":{"line":121,"column":3}}}},"branchMap":{"0":{"loc":{"start":{"line":56,"column":4},"end":{"line":59,"column":5}},"type":"if","locations":[{"start":{"line":56,"column":4},"end":{"line":59,"column":5}}]},"1":{"loc":{"start":{"line":68,"column":6},"end":{"line":72,"column":7}},"type":"if","locations":[{"start":{"line":68,"column":6},"end":{"line":72,"column":7}}]},"2":{"loc":{"start":{"line":87,"column":6},"end":{"line":89,"column":7}},"type":"if","locations":[{"start":{"line":87,"column":6},"end":{"line":89,"column":7}}]},"3":{"loc":{"start":{"line":87,"column":10},"end":{"line":87,"column":57}},"type":"binary-expr","locations":[{"start":{"line":87,"column":10},"end":{"line":87,"column":19}},{"start":{"line":87,"column":23},"end":{"line":87,"column":57}}]},"4":{"loc":{"start":{"line":109,"column":6},"end":{"line":111,"column":7}},"type":"if","locations":[{"start":{"line":109,"column":6},"end":{"line":111,"column":7}}]},"5":{"loc":{"start":{"line":109,"column":10},"end":{"line":109,"column":57}},"type":"binary-expr","locations":[{"start":{"line":109,"column":10},"end":{"line":109,"column":19}},{"start":{"line":109,"column":23},"end":{"line":109,"column":57}}]}},"s":{"0":1,"1":7,"2":7,"3":7,"4":7,"5":7,"6":3,"7":3,"8":3,"9":1,"10":1,"11":2,"12":2,"13":1,"14":1,"15":1,"16":1,"17":1,"18":1,"19":7,"20":2,"21":2,"22":2,"23":2,"24":1,"25":0,"26":1,"27":1,"28":1,"29":7,"30":2,"31":2,"32":2,"33":2,"34":1,"35":0,"36":1,"37":1,"38":1,"39":1},"f":{"0":7,"1":3,"2":3,"3":2,"4":2,"5":2,"6":2},"b":{"0":[1],"1":[1],"2":[0],"3":[1,1],"4":[0],"5":[1,1]}}
,"D:\\spark-livy\\src\\model\\UserModel.ts": {"path":"D:\\spark-livy\\src\\model\\UserModel.ts","statementMap":{"0":{"start":{"line":1,"column":0},"end":{"line":1,"column":32}},"1":{"start":{"line":2,"column":0},"end":{"line":2,"column":28}},"2":{"start":{"line":10,"column":23},"end":{"line":26,"column":null}},"3":{"start":{"line":29,"column":0},"end":{"line":39,"column":3}},"4":{"start":{"line":30,"column":2},"end":{"line":30,"column":50}},"5":{"start":{"line":30,"column":36},"end":{"line":30,"column":50}},"6":{"start":{"line":32,"column":2},"end":{"line":38,"column":3}},"7":{"start":{"line":33,"column":17},"end":{"line":33,"column":41}},"8":{"start":{"line":34,"column":4},"end":{"line":34,"column":59}},"9":{"start":{"line":35,"column":4},"end":{"line":35,"column":11}},"10":{"start":{"line":37,"column":4},"end":{"line":37,"column":16}},"11":{"start":{"line":41,"column":0},"end":{"line":45,"column":2}},"12":{"start":{"line":44,"column":2},"end":{"line":44,"column":58}},"13":{"start":{"line":47,"column":17},"end":{"line":47,"column":70}},"14":{"start":{"line":49,"column":0},"end":{"line":49,"column":24}}},"fnMap":{"0":{"name":"(anonymous_8)","decl":{"start":{"line":29,"column":38},"end":{"line":29,"column":54}},"loc":{"start":{"line":29,"column":58},"end":{"line":39,"column":2}}},"1":{"name":"(anonymous_10)","decl":{"start":{"line":41,"column":41},"end":{"line":41,"column":null}},"loc":{"start":{"line":42,"column":27},"end":{"line":45,"column":2}}}},"branchMap":{"0":{"loc":{"start":{"line":30,"column":2},"end":{"line":30,"column":50}},"type":"if","locations":[{"start":{"line":30,"column":2},"end":{"line":30,"column":50}}]}},"s":{"0":3,"1":3,"2":3,"3":3,"4":0,"5":0,"6":0,"7":0,"8":0,"9":0,"10":0,"11":3,"12":0,"13":3,"14":3},"f":{"0":0,"1":0},"b":{"0":[0]}}
,"D:\\spark-livy\\src\\services\\auth\\login.service.ts": {"path":"D:\\spark-livy\\src\\services\\auth\\login.service.ts","statementMap":{"0":{"start":{"line":1,"column":0},"end":{"line":1,"column":45}},"1":{"start":{"line":2,"column":0},"end":{"line":2,"column":48}},"2":{"start":{"line":4,"column":25},"end":{"line":24,"column":2}},"3":{"start":{"line":4,"column":70},"end":{"line":24,"column":2}},"4":{"start":{"line":5,"column":2},"end":{"line":5,"column":28}},"5":{"start":{"line":7,"column":15},"end":{"line":7,"column":51}},"6":{"start":{"line":9,"column":2},"end":{"line":9,"column":31}},"7":{"start":{"line":10,"column":2},"end":{"line":14,"column":3}},"8":{"start":{"line":11,"column":4},"end":{"line":11,"column":31}},"9":{"start":{"line":13,"column":4},"end":{"line":13,"column":38}},"10":{"start":{"line":16,"column":18},"end":{"line":16,"column":54}},"11":{"start":{"line":17,"column":2},"end":{"line":20,"column":3}},"12":{"start":{"line":18,"column":4},"end":{"line":18,"column":32}},"13":{"start":{"line":19,"column":4},"end":{"line":19,"column":40}},"14":{"start":{"line":22,"column":16},"end":{"line":22,"column":62}},"15":{"start":{"line":23,"column":2},"end":{"line":23,"column":25}},"16":{"start":{"line":4,"column":13},"end":{"line":4,"column":25}}},"fnMap":{"0":{"name":"(anonymous_8)","decl":{"start":{"line":4,"column":25},"end":{"line":4,"column":32}},"loc":{"start":{"line":4,"column":70},"end":{"line":24,"column":2}}},"1":{"name":"(anonymous_9)","decl":{"start":{"line":4,"column":70},"end":{"line":4,"column":null}},"loc":{"start":{"line":4,"column":70},"end":{"line":24,"column":1}}}},"branchMap":{"0":{"loc":{"start":{"line":10,"column":2},"end":{"line":14,"column":3}},"type":"if","locations":[{"start":{"line":10,"column":2},"end":{"line":14,"column":3}}]},"1":{"loc":{"start":{"line":17,"column":2},"end":{"line":20,"column":3}},"type":"if","locations":[{"start":{"line":17,"column":2},"end":{"line":20,"column":3}}]}},"s":{"0":4,"1":4,"2":4,"3":3,"4":3,"5":3,"6":3,"7":3,"8":1,"9":1,"10":2,"11":2,"12":1,"13":1,"14":1,"15":1,"16":4},"f":{"0":3,"1":3},"b":{"0":[1],"1":[1]}}
,"D:\\spark-livy\\src\\services\\auth\\signup.service.ts": {"path":"D:\\spark-livy\\src\\services\\auth\\signup.service.ts","statementMap":{"0":{"start":{"line":1,"column":0},"end":{"line":1,"column":45}},"1":{"start":{"line":2,"column":0},"end":{"line":2,"column":48}},"2":{"start":{"line":4,"column":28},"end":{"line":10,"column":2}},"3":{"start":{"line":4,"column":73},"end":{"line":10,"column":2}},"4":{"start":{"line":5,"column":2},"end":{"line":5,"column":30}},"5":{"start":{"line":6,"column":15},"end":{"line":6,"column":51}},"6":{"start":{"line":7,"column":2},"end":{"line":7,"column":20}},"7":{"start":{"line":8,"column":16},"end":{"line":8,"column":62}},"8":{"start":{"line":9,"column":2},"end":{"line":9,"column":25}},"9":{"start":{"line":4,"column":13},"end":{"line":4,"column":28}}},"fnMap":{"0":{"name":"(anonymous_8)","decl":{"start":{"line":4,"column":28},"end":{"line":4,"column":35}},"loc":{"start":{"line":4,"column":73},"end":{"line":10,"column":2}}},"1":{"name":"(anonymous_9)","decl":{"start":{"line":4,"column":73},"end":{"line":4,"column":null}},"loc":{"start":{"line":4,"column":73},"end":{"line":10,"column":1}}}},"branchMap":{},"s":{"0":2,"1":2,"2":2,"3":2,"4":2,"5":2,"6":2,"7":1,"8":1,"9":2},"f":{"0":2,"1":2},"b":{}}
,"D:\\spark-livy\\src\\services\\livy\\livy.service.ts": {"path":"D:\\spark-livy\\src\\services\\livy\\livy.service.ts","statementMap":{"0":{"start":{"line":2,"column":0},"end":{"line":2,"column":26}},"1":{"start":{"line":3,"column":0},"end":{"line":3,"column":36}},"2":{"start":{"line":14,"column":4},"end":{"line":14,"column":73}},"3":{"start":{"line":18,"column":17},"end":{"line":18,"column":40}},"4":{"start":{"line":20,"column":4},"end":{"line":35,"column":5}},"5":{"start":{"line":21,"column":23},"end":{"line":23,"column":null}},"6":{"start":{"line":26,"column":6},"end":{"line":26,"column":27}},"7":{"start":{"line":28,"column":6},"end":{"line":28,"column":57}},"8":{"start":{"line":29,"column":6},"end":{"line":33,"column":7}},"9":{"start":{"line":30,"column":8},"end":{"line":32,"column":10}},"10":{"start":{"line":34,"column":6},"end":{"line":34,"column":18}},"11":{"start":{"line":39,"column":4},"end":{"line":52,"column":5}},"12":{"start":{"line":40,"column":23},"end":{"line":40,"column":77}},"13":{"start":{"line":41,"column":6},"end":{"line":41,"column":27}},"14":{"start":{"line":43,"column":6},"end":{"line":45,"column":8}},"15":{"start":{"line":46,"column":6},"end":{"line":50,"column":7}},"16":{"start":{"line":47,"column":8},"end":{"line":49,"column":10}},"17":{"start":{"line":51,"column":6},"end":{"line":51,"column":18}},"18":{"start":{"line":56,"column":4},"end":{"line":71,"column":5}},"19":{"start":{"line":57,"column":23},"end":{"line":58,"column":null}},"20":{"start":{"line":60,"column":6},"end":{"line":60,"column":27}},"21":{"start":{"line":62,"column":6},"end":{"line":64,"column":8}},"22":{"start":{"line":65,"column":6},"end":{"line":69,"column":7}},"23":{"start":{"line":66,"column":8},"end":{"line":68,"column":10}},"24":{"start":{"line":70,"column":6},"end":{"line":70,"column":18}},"25":{"start":{"line":10,"column":0},"end":{"line":10,"column":13}}},"fnMap":{"0":{"name":"(anonymous_8)","decl":{"start":{"line":13,"column":2},"end":{"line":13,"column":null}},"loc":{"start":{"line":13,"column":2},"end":{"line":15,"column":3}}},"1":{"name":"(anonymous_9)","decl":{"start":{"line":17,"column":8},"end":{"line":17,"column":17}},"loc":{"start":{"line":17,"column":43},"end":{"line":36,"column":null}}},"2":{"name":"(anonymous_11)","decl":{"start":{"line":38,"column":8},"end":{"line":38,"column":20}},"loc":{"start":{"line":38,"column":36},"end":{"line":53,"column":null}}},"3":{"name":"(anonymous_13)","decl":{"start":{"line":55,"column":8},"end":{"line":55,"column":20}},"loc":{"start":{"line":55,"column":36},"end":{"line":72,"column":null}}}},"branchMap":{"0":{"loc":{"start":{"line":14,"column":20},"end":{"line":14,"column":72}},"type":"binary-expr","locations":[{"start":{"line":14,"column":20},"end":{"line":14,"column":40}},{"start":{"line":14,"column":44},"end":{"line":14,"column":72}}]},"1":{"loc":{"start":{"line":29,"column":6},"end":{"line":33,"column":7}},"type":"if","locations":[{"start":{"line":29,"column":6},"end":{"line":33,"column":7}}]},"2":{"loc":{"start":{"line":46,"column":6},"end":{"line":50,"column":7}},"type":"if","locations":[{"start":{"line":46,"column":6},"end":{"line":50,"column":7}}]},"3":{"loc":{"start":{"line":65,"column":6},"end":{"line":69,"column":7}},"type":"if","locations":[{"start":{"line":65,"column":6},"end":{"line":69,"column":7}}]}},"s":{"0":2,"1":2,"2":6,"3":2,"4":2,"5":2,"6":1,"7":1,"8":1,"9":1,"10":1,"11":2,"12":2,"13":1,"14":1,"15":1,"16":1,"17":1,"18":2,"19":2,"20":1,"21":1,"22":1,"23":1,"24":1,"25":2},"f":{"0":6,"1":2,"2":2,"3":2},"b":{"0":[6,6],"1":[1],"2":[1],"3":[1]}}
,"D:\\spark-livy\\src\\types\\submit.types.ts": {"path":"D:\\spark-livy\\src\\types\\submit.types.ts","statementMap":{"0":{"start":{"line":1,"column":0},"end":{"line":1,"column":49}},"1":{"start":{"line":3,"column":13},"end":{"line":18,"column":3}},"2":{"start":{"line":22,"column":13},"end":{"line":34,"column":3}},"3":{"start":{"line":36,"column":13},"end":{"line":39,"column":3}},"4":{"start":{"line":41,"column":13},"end":{"line":50,"column":3}},"5":{"start":{"line":52,"column":13},"end":{"line":54,"column":3}},"6":{"start":{"line":58,"column":13},"end":{"line":60,"column":3}},"7":{"start":{"line":66,"column":13},"end":{"line":69,"column":3}}},"fnMap":{},"branchMap":{},"s":{"0":1,"1":1,"2":1,"3":1,"4":1,"5":1,"6":1,"7":1},"f":{},"b":{}}
,"D:\\spark-livy\\src\\utils\\jwt.ts": {"path":"D:\\spark-livy\\src\\utils\\jwt.ts","statementMap":{"0":{"start":{"line":1,"column":0},"end":{"line":1,"column":31}},"1":{"start":{"line":3,"column":19},"end":{"line":3,"column":62}},"2":{"start":{"line":5,"column":29},"end":{"line":7,"column":1}},"3":{"start":{"line":6,"column":2},"end":{"line":6,"column":63}},"4":{"start":{"line":5,"column":13},"end":{"line":5,"column":29}},"5":{"start":{"line":9,"column":27},"end":{"line":11,"column":1}},"6":{"start":{"line":10,"column":2},"end":{"line":10,"column":61}},"7":{"start":{"line":9,"column":13},"end":{"line":9,"column":27}}},"fnMap":{"0":{"name":"(anonymous_1)","decl":{"start":{"line":5,"column":29},"end":{"line":5,"column":30}},"loc":{"start":{"line":5,"column":56},"end":{"line":7,"column":1}}},"1":{"name":"(anonymous_2)","decl":{"start":{"line":9,"column":27},"end":{"line":9,"column":28}},"loc":{"start":{"line":9,"column":65},"end":{"line":11,"column":1}}}},"branchMap":{"0":{"loc":{"start":{"line":3,"column":19},"end":{"line":3,"column":62}},"type":"binary-expr","locations":[{"start":{"line":3,"column":19},"end":{"line":3,"column":41}},{"start":{"line":3,"column":45},"end":{"line":3,"column":62}}]}},"s":{"0":3,"1":3,"2":3,"3":0,"4":3,"5":3,"6":0,"7":3},"f":{"0":0,"1":0},"b":{"0":[3,3]}}
}
