TN:
SF:src\controller\auth\auth.controller.ts
FN:16,(anonymous_7)
FN:33,(anonymous_9)
FN:46,(anonymous_11)
FNF:3
FNH:3
FNDA:2,(anonymous_7)
FNDA:2,(anonymous_9)
FNDA:1,(anonymous_11)
DA:2,1
DA:3,1
DA:15,1
DA:20,2
DA:21,2
DA:22,2
DA:23,1
DA:29,1
DA:37,2
DA:38,2
DA:39,2
DA:40,1
DA:42,1
DA:47,1
DA:48,1
LF:15
LH:15
BRF:0
BRH:0
end_of_record
TN:
SF:src\controller\livy\job.controller.ts
FN:15,(anonymous_7)
FN:50,(anonymous_8)
FN:53,(anonymous_9)
FN:79,(anonymous_10)
FN:82,(anonymous_11)
FN:101,(anonymous_12)
FN:104,(anonymous_13)
FNF:7
FNH:7
FNDA:7,(anonymous_7)
FNDA:3,(anonymous_8)
FNDA:3,(anonymous_9)
FNDA:2,(anonymous_10)
FNDA:2,(anonymous_11)
FNDA:2,(anonymous_12)
FNDA:2,(anonymous_13)
DA:2,1
DA:14,1
DA:15,7
DA:17,7
DA:28,7
DA:39,7
DA:50,7
DA:53,3
DA:54,3
DA:56,3
DA:57,1
DA:58,1
DA:61,2
DA:62,2
DA:64,1
DA:65,1
DA:67,1
DA:68,1
DA:69,1
DA:73,1
DA:79,7
DA:82,2
DA:83,2
DA:85,2
DA:86,2
DA:87,1
DA:88,0
DA:90,1
DA:92,1
DA:95,1
DA:101,7
DA:104,2
DA:105,2
DA:107,2
DA:108,2
DA:109,1
DA:110,0
DA:112,1
DA:114,1
DA:117,1
LF:40
LH:38
BRDA:56,0,0,1
BRDA:68,1,0,1
BRDA:87,2,0,0
BRDA:87,3,0,1
BRDA:87,3,1,1
BRDA:109,4,0,0
BRDA:109,5,0,1
BRDA:109,5,1,1
BRF:8
BRH:6
end_of_record
TN:
SF:src\model\UserModel.ts
FN:29,(anonymous_8)
FN:41,(anonymous_10)
FNF:2
FNH:0
FNDA:0,(anonymous_8)
FNDA:0,(anonymous_10)
DA:1,3
DA:2,3
DA:10,3
DA:29,3
DA:30,0
DA:32,0
DA:33,0
DA:34,0
DA:35,0
DA:37,0
DA:41,3
DA:44,0
DA:47,3
DA:49,3
LF:14
LH:7
BRDA:30,0,0,0
BRF:1
BRH:0
end_of_record
TN:
SF:src\services\auth\login.service.ts
FN:4,(anonymous_8)
FN:4,(anonymous_9)
FNF:2
FNH:2
FNDA:3,(anonymous_8)
FNDA:3,(anonymous_9)
DA:1,4
DA:2,4
DA:4,4
DA:5,3
DA:7,3
DA:9,3
DA:10,3
DA:11,1
DA:13,1
DA:16,2
DA:17,2
DA:18,1
DA:19,1
DA:22,1
DA:23,1
LF:15
LH:15
BRDA:10,0,0,1
BRDA:17,1,0,1
BRF:2
BRH:2
end_of_record
TN:
SF:src\services\auth\signup.service.ts
FN:4,(anonymous_8)
FN:4,(anonymous_9)
FNF:2
FNH:2
FNDA:2,(anonymous_8)
FNDA:2,(anonymous_9)
DA:1,2
DA:2,2
DA:4,2
DA:5,2
DA:6,2
DA:7,2
DA:8,1
DA:9,1
LF:8
LH:8
BRF:0
BRH:0
end_of_record
TN:
SF:src\services\livy\livy.service.ts
FN:13,(anonymous_8)
FN:17,(anonymous_9)
FN:38,(anonymous_11)
FN:55,(anonymous_13)
FNF:4
FNH:4
FNDA:6,(anonymous_8)
FNDA:2,(anonymous_9)
FNDA:2,(anonymous_11)
FNDA:2,(anonymous_13)
DA:2,2
DA:3,2
DA:10,2
DA:14,6
DA:18,2
DA:20,2
DA:21,2
DA:26,1
DA:28,1
DA:29,1
DA:30,1
DA:34,1
DA:39,2
DA:40,2
DA:41,1
DA:43,1
DA:46,1
DA:47,1
DA:51,1
DA:56,2
DA:57,2
DA:60,1
DA:62,1
DA:65,1
DA:66,1
DA:70,1
LF:26
LH:26
BRDA:14,0,0,6
BRDA:14,0,1,6
BRDA:29,1,0,1
BRDA:46,2,0,1
BRDA:65,3,0,1
BRF:5
BRH:5
end_of_record
TN:
SF:src\types\submit.types.ts
FNF:0
FNH:0
DA:1,1
DA:3,1
DA:22,1
DA:36,1
DA:41,1
DA:52,1
DA:58,1
DA:66,1
LF:8
LH:8
BRF:0
BRH:0
end_of_record
TN:
SF:src\utils\jwt.ts
FN:5,(anonymous_1)
FN:9,(anonymous_2)
FNF:2
FNH:0
FNDA:0,(anonymous_1)
FNDA:0,(anonymous_2)
DA:1,3
DA:3,3
DA:5,3
DA:6,0
DA:9,3
DA:10,0
LF:6
LH:4
BRDA:3,0,0,3
BRDA:3,0,1,3
BRF:2
BRH:2
end_of_record
